<?xml version="1.0" encoding="UTF-8"?>
<robot generator="Robot 4.1.1 (Python 3.9.7 on darwin)" generated="20211016 22:42:21.311" rpa="false" schemaversion="2">
<suite id="s1" name="Face-Joananda" source="/Users/julianaantunesmachado/GitHub/qaninja-robot/web-pessoais/face-joananda.robot">
<test id="s1-t1" name="Abrir o perfil da Joananda no Facebook">
<kw name="Open Browser" library="SeleniumLibrary">
<arg>https://www.facebook.com.br/</arg>
<arg>firefox</arg>
<doc>Opens a new browser instance to the optional ``url``.</doc>
<msg timestamp="20211016 22:42:21.662" level="INFO">Opening browser 'firefox' to base url 'https://www.facebook.com.br/'.</msg>
<msg timestamp="20211016 22:42:21.665" level="INFO">Firefox driver log is always forced to to: /Users/julianaantunesmachado/GitHub/qaninja-robot/web-pessoais/log/geckodriver-1.log</msg>
<status status="PASS" starttime="20211016 22:42:21.662" endtime="20211016 22:42:29.173"/>
</kw>
<kw name="Input Text" library="SeleniumLibrary">
<arg>css:input[name=email]</arg>
<arg>${user}</arg>
<doc>Types the given ``text`` into the text field identified by ``locator``.</doc>
<msg timestamp="20211016 22:42:29.180" level="INFO">Typing text 'joananda@temp-link.net' into text field 'css:input[name=email]'.</msg>
<status status="PASS" starttime="20211016 22:42:29.176" endtime="20211016 22:42:29.352"/>
</kw>
<kw name="Input Text" library="SeleniumLibrary">
<arg>css:input[name=pass]</arg>
<arg>${pass}</arg>
<doc>Types the given ``text`` into the text field identified by ``locator``.</doc>
<msg timestamp="20211016 22:42:29.355" level="INFO">Typing text '19530801' into text field 'css:input[name=pass]'.</msg>
<status status="PASS" starttime="20211016 22:42:29.352" endtime="20211016 22:42:29.434"/>
</kw>
<kw name="Click Element" library="SeleniumLibrary">
<arg>css:button[name=login]</arg>
<doc>Click the element identified by ``locator``.</doc>
<msg timestamp="20211016 22:42:29.436" level="INFO">Clicking element 'css:button[name=login]'.</msg>
<status status="PASS" starttime="20211016 22:42:29.435" endtime="20211016 22:42:34.482"/>
</kw>
<kw name="Page Should Contain" library="SeleniumLibrary">
<arg>No que você está pensando, Jocelia?</arg>
<doc>Verifies that current page contains ``text``.</doc>
<msg timestamp="20211016 22:42:34.594" level="INFO">Current page contains text 'No que você está pensando, Jocelia?'.</msg>
<status status="PASS" starttime="20211016 22:42:34.483" endtime="20211016 22:42:34.594"/>
</kw>
<status status="PASS" starttime="20211016 22:42:21.660" endtime="20211016 22:42:34.595"/>
</test>
<status status="PASS" starttime="20211016 22:42:21.333" endtime="20211016 22:42:34.598"/>
</suite>
<statistics>
<total>
<stat pass="1" fail="0" skip="0">All Tests</stat>
</total>
<tag>
</tag>
<suite>
<stat pass="1" fail="0" skip="0" id="s1" name="Face-Joananda">Face-Joananda</stat>
</suite>
</statistics>
<errors>
</errors>
</robot>
