<?xml version="1.0" encoding="UTF-8"?>
<robot generator="Robot 4.1.1 (Python 3.9.7 on darwin)" generated="20211006 21:31:23.083" rpa="false" schemaversion="2">
<suite id="s1" name="Radio" source="/Users/julianaantunesmachado/GitHub/qaninja-robot/web/tests/radio.robot">
<test id="s1-t1" name="Radio button with id">
<kw name="Open Session" library="base" type="SETUP">
<kw name="Open Browser" library="SeleniumLibrary">
<arg>${url}</arg>
<arg>firefox</arg>
<doc>Opens a new browser instance to the optional ``url``.</doc>
<msg timestamp="20211006 21:31:23.410" level="INFO">Opening browser 'firefox' to base url 'https://training-wheels-protocol.herokuapp.com'.</msg>
<msg timestamp="20211006 21:31:23.412" level="INFO">Firefox driver log is always forced to to: /Users/julianaantunesmachado/GitHub/qaninja-robot/web/tests/log/geckodriver-13.log</msg>
<status status="PASS" starttime="20211006 21:31:23.410" endtime="20211006 21:31:36.439"/>
</kw>
<status status="PASS" starttime="20211006 21:31:23.409" endtime="20211006 21:31:36.439"/>
</kw>
<kw name="Go To" library="SeleniumLibrary">
<arg>${url}/radios</arg>
<doc>Navigates the current browser window to the provided ``url``.</doc>
<msg timestamp="20211006 21:31:36.441" level="INFO">Opening url 'https://training-wheels-protocol.herokuapp.com/radios'</msg>
<status status="PASS" starttime="20211006 21:31:36.440" endtime="20211006 21:31:37.042"/>
</kw>
<kw name="Select Radio Button" library="SeleniumLibrary">
<arg>movies</arg>
<arg>cap</arg>
<doc>Sets the radio button group ``group_name`` to ``value``.</doc>
<msg timestamp="20211006 21:31:37.043" level="INFO">Selecting 'cap' from radio button 'movies'.</msg>
<status status="PASS" starttime="20211006 21:31:37.043" endtime="20211006 21:31:37.302"/>
</kw>
<kw name="Radio Button Should Be Set To" library="SeleniumLibrary">
<arg>movies</arg>
<arg>cap</arg>
<doc>Verifies radio button group ``group_name`` is set to ``value``.</doc>
<msg timestamp="20211006 21:31:37.304" level="INFO">Verifying radio button 'movies' has selection 'cap'.</msg>
<status status="PASS" starttime="20211006 21:31:37.303" endtime="20211006 21:31:37.337"/>
</kw>
<kw name="Sleep" library="BuiltIn">
<arg>5</arg>
<doc>Pauses the test executed for the given time.</doc>
<msg timestamp="20211006 21:31:42.339" level="INFO">Slept 5 seconds</msg>
<status status="PASS" starttime="20211006 21:31:37.338" endtime="20211006 21:31:42.340"/>
</kw>
<kw name="Close Session" library="base" type="TEARDOWN">
<kw name="Capture Page Screenshot" library="SeleniumLibrary">
<doc>Takes a screenshot of the current page and embeds it into a log file.</doc>
<msg timestamp="20211006 21:31:42.581" level="INFO" html="true">&lt;/td&gt;&lt;/tr&gt;&lt;tr&gt;&lt;td colspan="3"&gt;&lt;a href="selenium-screenshot-6.png"&gt;&lt;img src="selenium-screenshot-6.png" width="800px"&gt;&lt;/a&gt;</msg>
<status status="PASS" starttime="20211006 21:31:42.342" endtime="20211006 21:31:42.581"/>
</kw>
<kw name="Close Browser" library="SeleniumLibrary">
<doc>Closes the current browser.</doc>
<status status="PASS" starttime="20211006 21:31:42.581" endtime="20211006 21:31:43.489"/>
</kw>
<status status="PASS" starttime="20211006 21:31:42.341" endtime="20211006 21:31:43.489"/>
</kw>
<tag>radio</tag>
<status status="PASS" starttime="20211006 21:31:23.408" endtime="20211006 21:31:43.490"/>
</test>
<status status="PASS" starttime="20211006 21:31:23.085" endtime="20211006 21:31:43.493"/>
</suite>
<statistics>
<total>
<stat pass="1" fail="0" skip="0">All Tests</stat>
</total>
<tag>
<stat pass="1" fail="0" skip="0">radio</stat>
</tag>
<suite>
<stat pass="1" fail="0" skip="0" id="s1" name="Radio">Radio</stat>
</suite>
</statistics>
<errors>
</errors>
</robot>
