<?xml version="1.0" encoding="UTF-8"?>
<robot generator="Robot 4.1.1 (Python 3.9.7 on darwin)" generated="20211006 21:59:44.021" rpa="false" schemaversion="2">
<suite id="s1" name="Radio" source="/Users/julianaantunesmachado/GitHub/qaninja-robot/web/tests/radio.robot">
<test id="s1-t1" name="Radio button with id">
<kw name="Open Session" library="base" type="SETUP">
<kw name="Open Browser" library="SeleniumLibrary">
<arg>${url}</arg>
<arg>firefox</arg>
<doc>Opens a new browser instance to the optional ``url``.</doc>
<msg timestamp="20211006 21:59:44.375" level="INFO">Opening browser 'firefox' to base url 'https://training-wheels-protocol.herokuapp.com'.</msg>
<msg timestamp="20211006 21:59:44.378" level="INFO">Firefox driver log is always forced to to: /Users/julianaantunesmachado/GitHub/qaninja-robot/web/tests/log/geckodriver-1.log</msg>
<status status="PASS" starttime="20211006 21:59:44.374" endtime="20211006 22:00:02.894"/>
</kw>
<status status="PASS" starttime="20211006 21:59:44.374" endtime="20211006 22:00:02.894"/>
</kw>
<kw name="Go To" library="SeleniumLibrary">
<arg>${url}/radios</arg>
<doc>Navigates the current browser window to the provided ``url``.</doc>
<msg timestamp="20211006 22:00:02.896" level="INFO">Opening url 'https://training-wheels-protocol.herokuapp.com/radios'</msg>
<status status="PASS" starttime="20211006 22:00:02.895" endtime="20211006 22:00:05.250"/>
</kw>
<kw name="Select Radio Button" library="SeleniumLibrary">
<arg>movies</arg>
<arg>cap</arg>
<doc>Sets the radio button group ``group_name`` to ``value``.</doc>
<msg timestamp="20211006 22:00:05.252" level="INFO">Selecting 'cap' from radio button 'movies'.</msg>
<status status="PASS" starttime="20211006 22:00:05.250" endtime="20211006 22:00:05.540"/>
</kw>
<kw name="Radio Button Should Be Set To" library="SeleniumLibrary">
<arg>movies</arg>
<arg>cap</arg>
<doc>Verifies radio button group ``group_name`` is set to ``value``.</doc>
<msg timestamp="20211006 22:00:05.541" level="INFO">Verifying radio button 'movies' has selection 'cap'.</msg>
<status status="PASS" starttime="20211006 22:00:05.541" endtime="20211006 22:00:05.573"/>
</kw>
<kw name="Sleep" library="BuiltIn">
<arg>5</arg>
<doc>Pauses the test executed for the given time.</doc>
<msg timestamp="20211006 22:00:10.576" level="INFO">Slept 5 seconds</msg>
<status status="PASS" starttime="20211006 22:00:05.574" endtime="20211006 22:00:10.577"/>
</kw>
<kw name="Close Session" library="base" type="TEARDOWN">
<kw name="Capture Page Screenshot" library="SeleniumLibrary">
<doc>Takes a screenshot of the current page and embeds it into a log file.</doc>
<msg timestamp="20211006 22:00:10.825" level="INFO" html="true">&lt;/td&gt;&lt;/tr&gt;&lt;tr&gt;&lt;td colspan="3"&gt;&lt;a href="selenium-screenshot-7.png"&gt;&lt;img src="selenium-screenshot-7.png" width="800px"&gt;&lt;/a&gt;</msg>
<status status="PASS" starttime="20211006 22:00:10.579" endtime="20211006 22:00:10.825"/>
</kw>
<kw name="Close Browser" library="SeleniumLibrary">
<doc>Closes the current browser.</doc>
<status status="PASS" starttime="20211006 22:00:10.825" endtime="20211006 22:00:11.702"/>
</kw>
<status status="PASS" starttime="20211006 22:00:10.578" endtime="20211006 22:00:11.703"/>
</kw>
<tag>radio</tag>
<status status="PASS" starttime="20211006 21:59:44.372" endtime="20211006 22:00:11.703"/>
</test>
<test id="s1-t2" name="Radio button with value">
<kw name="Open Session" library="base" type="SETUP">
<kw name="Open Browser" library="SeleniumLibrary">
<arg>${url}</arg>
<arg>firefox</arg>
<doc>Opens a new browser instance to the optional ``url``.</doc>
<msg timestamp="20211006 22:00:11.708" level="INFO">Opening browser 'firefox' to base url 'https://training-wheels-protocol.herokuapp.com'.</msg>
<msg timestamp="20211006 22:00:11.709" level="INFO">Firefox driver log is always forced to to: /Users/julianaantunesmachado/GitHub/qaninja-robot/web/tests/log/geckodriver-2.log</msg>
<status status="PASS" starttime="20211006 22:00:11.707" endtime="20211006 22:00:20.364"/>
</kw>
<status status="PASS" starttime="20211006 22:00:11.706" endtime="20211006 22:00:20.364"/>
</kw>
<kw name="Go To" library="SeleniumLibrary">
<arg>${url}/radios</arg>
<doc>Navigates the current browser window to the provided ``url``.</doc>
<msg timestamp="20211006 22:00:20.366" level="INFO">Opening url 'https://training-wheels-protocol.herokuapp.com/radios'</msg>
<status status="PASS" starttime="20211006 22:00:20.365" endtime="20211006 22:00:20.785"/>
</kw>
<kw name="Select Radio Button" library="SeleniumLibrary">
<arg>movies</arg>
<arg>guardians</arg>
<doc>Sets the radio button group ``group_name`` to ``value``.</doc>
<msg timestamp="20211006 22:00:20.789" level="INFO">Selecting 'guardians' from radio button 'movies'.</msg>
<status status="PASS" starttime="20211006 22:00:20.786" endtime="20211006 22:00:21.056"/>
</kw>
<kw name="Radio Button Should Be Set To" library="SeleniumLibrary">
<arg>movies</arg>
<arg>guardians</arg>
<doc>Verifies radio button group ``group_name`` is set to ``value``.</doc>
<msg timestamp="20211006 22:00:21.058" level="INFO">Verifying radio button 'movies' has selection 'guardians'.</msg>
<status status="PASS" starttime="20211006 22:00:21.057" endtime="20211006 22:00:21.106"/>
</kw>
<kw name="Sleep" library="BuiltIn">
<arg>5</arg>
<doc>Pauses the test executed for the given time.</doc>
<msg timestamp="20211006 22:00:26.108" level="INFO">Slept 5 seconds</msg>
<status status="PASS" starttime="20211006 22:00:21.106" endtime="20211006 22:00:26.108"/>
</kw>
<kw name="Close Session" library="base" type="TEARDOWN">
<kw name="Capture Page Screenshot" library="SeleniumLibrary">
<doc>Takes a screenshot of the current page and embeds it into a log file.</doc>
<msg timestamp="20211006 22:00:26.337" level="INFO" html="true">&lt;/td&gt;&lt;/tr&gt;&lt;tr&gt;&lt;td colspan="3"&gt;&lt;a href="selenium-screenshot-8.png"&gt;&lt;img src="selenium-screenshot-8.png" width="800px"&gt;&lt;/a&gt;</msg>
<status status="PASS" starttime="20211006 22:00:26.109" endtime="20211006 22:00:26.337"/>
</kw>
<kw name="Close Browser" library="SeleniumLibrary">
<doc>Closes the current browser.</doc>
<status status="PASS" starttime="20211006 22:00:26.337" endtime="20211006 22:00:27.206"/>
</kw>
<status status="PASS" starttime="20211006 22:00:26.108" endtime="20211006 22:00:27.207"/>
</kw>
<tag>radio</tag>
<status status="PASS" starttime="20211006 22:00:11.705" endtime="20211006 22:00:27.207"/>
</test>
<status status="PASS" starttime="20211006 21:59:44.023" endtime="20211006 22:00:27.210"/>
</suite>
<statistics>
<total>
<stat pass="2" fail="0" skip="0">All Tests</stat>
</total>
<tag>
<stat pass="2" fail="0" skip="0">radio</stat>
</tag>
<suite>
<stat pass="2" fail="0" skip="0" id="s1" name="Radio">Radio</stat>
</suite>
</statistics>
<errors>
</errors>
</robot>
