<?xml version="1.0" encoding="UTF-8"?>
<robot generator="Robot 4.1.1 (Python 3.9.7 on darwin)" generated="20211007 18:10:18.335" rpa="false" schemaversion="2">
<suite id="s1" name="Select" source="/Users/julianaantunesmachado/GitHub/qaninja-robot/web/tests/select.robot">
<test id="s1-t1" name="Select option by text and validate by value">
<kw name="Open Session" library="base" type="SETUP">
<kw name="Open Browser" library="SeleniumLibrary">
<arg>${url}</arg>
<arg>firefox</arg>
<doc>Opens a new browser instance to the optional ``url``.</doc>
<msg timestamp="20211007 18:10:18.679" level="INFO">Opening browser 'firefox' to base url 'https://training-wheels-protocol.herokuapp.com'.</msg>
<msg timestamp="20211007 18:10:18.680" level="INFO">Firefox driver log is always forced to to: /Users/julianaantunesmachado/GitHub/qaninja-robot/web/log/geckodriver-3.log</msg>
<status status="PASS" starttime="20211007 18:10:18.678" endtime="20211007 18:10:32.267"/>
</kw>
<status status="PASS" starttime="20211007 18:10:18.677" endtime="20211007 18:10:32.272"/>
</kw>
<kw name="Go To" library="SeleniumLibrary">
<arg>${url}/dropdown</arg>
<doc>Navigates the current browser window to the provided ``url``.</doc>
<msg timestamp="20211007 18:10:32.290" level="INFO">Opening url 'https://training-wheels-protocol.herokuapp.com/dropdown'</msg>
<status status="PASS" starttime="20211007 18:10:32.279" endtime="20211007 18:10:32.724"/>
</kw>
<kw name="Select From List By Label" library="SeleniumLibrary">
<arg>class:avenger-list</arg>
<arg>Scott Lang</arg>
<doc>Selects options from selection list ``locator`` by ``labels``.</doc>
<msg timestamp="20211007 18:10:32.728" level="INFO">Selecting options from selection list 'class:avenger-list' by label Scott Lang.</msg>
<status status="PASS" starttime="20211007 18:10:32.725" endtime="20211007 18:10:33.039"/>
</kw>
<kw name="Get Selected List Value" library="SeleniumLibrary">
<var>${option-selected}</var>
<arg>class:avenger-list</arg>
<doc>Returns the value of selected option from selection list ``locator``.</doc>
<msg timestamp="20211007 18:10:33.131" level="INFO">${option-selected} = 7</msg>
<status status="PASS" starttime="20211007 18:10:33.040" endtime="20211007 18:10:33.131"/>
</kw>
<kw name="Should Be Equal" library="BuiltIn">
<arg>${option-selected}</arg>
<arg>7</arg>
<doc>Fails if the given objects are unequal.</doc>
<status status="PASS" starttime="20211007 18:10:33.131" endtime="20211007 18:10:33.132"/>
</kw>
<kw name="Close Session" library="base" type="TEARDOWN">
<kw name="Sleep" library="BuiltIn">
<arg>2</arg>
<doc>Pauses the test executed for the given time.</doc>
<msg timestamp="20211007 18:10:35.138" level="INFO">Slept 2 seconds</msg>
<status status="PASS" starttime="20211007 18:10:33.134" endtime="20211007 18:10:35.138"/>
</kw>
<kw name="Capture Page Screenshot" library="SeleniumLibrary">
<doc>Takes a screenshot of the current page and embeds it into a log file.</doc>
<msg timestamp="20211007 18:10:35.376" level="INFO" html="true">&lt;/td&gt;&lt;/tr&gt;&lt;tr&gt;&lt;td colspan="3"&gt;&lt;a href="selenium-screenshot-3.png"&gt;&lt;img src="selenium-screenshot-3.png" width="800px"&gt;&lt;/a&gt;</msg>
<status status="PASS" starttime="20211007 18:10:35.139" endtime="20211007 18:10:35.376"/>
</kw>
<kw name="Close Browser" library="SeleniumLibrary">
<doc>Closes the current browser.</doc>
<status status="PASS" starttime="20211007 18:10:35.377" endtime="20211007 18:10:36.368"/>
</kw>
<status status="PASS" starttime="20211007 18:10:33.133" endtime="20211007 18:10:36.369"/>
</kw>
<status status="PASS" starttime="20211007 18:10:18.676" endtime="20211007 18:10:36.369"/>
</test>
<test id="s1-t2" name="Select option by value and validate by text">
<kw name="Open Session" library="base" type="SETUP">
<kw name="Open Browser" library="SeleniumLibrary">
<arg>${url}</arg>
<arg>firefox</arg>
<doc>Opens a new browser instance to the optional ``url``.</doc>
<msg timestamp="20211007 18:10:36.373" level="INFO">Opening browser 'firefox' to base url 'https://training-wheels-protocol.herokuapp.com'.</msg>
<msg timestamp="20211007 18:10:36.374" level="INFO">Firefox driver log is always forced to to: /Users/julianaantunesmachado/GitHub/qaninja-robot/web/log/geckodriver-4.log</msg>
<status status="PASS" starttime="20211007 18:10:36.373" endtime="20211007 18:10:46.144"/>
</kw>
<status status="PASS" starttime="20211007 18:10:36.372" endtime="20211007 18:10:46.145"/>
</kw>
<kw name="Go To" library="SeleniumLibrary">
<arg>${url}/dropdown</arg>
<doc>Navigates the current browser window to the provided ``url``.</doc>
<msg timestamp="20211007 18:10:46.146" level="INFO">Opening url 'https://training-wheels-protocol.herokuapp.com/dropdown'</msg>
<status status="PASS" starttime="20211007 18:10:46.145" endtime="20211007 18:10:46.532"/>
</kw>
<kw name="Select From List By Value" library="SeleniumLibrary">
<arg>id:dropdown</arg>
<arg>6</arg>
<doc>Selects options from selection list ``locator`` by ``values``.</doc>
<msg timestamp="20211007 18:10:46.534" level="INFO">Selecting options from selection list 'id:dropdown' by value 6.</msg>
<status status="PASS" starttime="20211007 18:10:46.533" endtime="20211007 18:10:46.829"/>
</kw>
<kw name="Get Selected List Label" library="SeleniumLibrary">
<var>${option-selected}</var>
<arg>id:dropdown</arg>
<doc>Returns the label of selected option from selection list ``locator``.</doc>
<msg timestamp="20211007 18:10:46.944" level="INFO">${option-selected} = Loki</msg>
<status status="PASS" starttime="20211007 18:10:46.830" endtime="20211007 18:10:46.944"/>
</kw>
<kw name="Should Be Equal" library="BuiltIn">
<arg>${option-selected}</arg>
<arg>Loki</arg>
<doc>Fails if the given objects are unequal.</doc>
<status status="PASS" starttime="20211007 18:10:46.945" endtime="20211007 18:10:46.945"/>
</kw>
<kw name="Close Session" library="base" type="TEARDOWN">
<kw name="Sleep" library="BuiltIn">
<arg>2</arg>
<doc>Pauses the test executed for the given time.</doc>
<msg timestamp="20211007 18:10:48.947" level="INFO">Slept 2 seconds</msg>
<status status="PASS" starttime="20211007 18:10:46.946" endtime="20211007 18:10:48.947"/>
</kw>
<kw name="Capture Page Screenshot" library="SeleniumLibrary">
<doc>Takes a screenshot of the current page and embeds it into a log file.</doc>
<msg timestamp="20211007 18:10:49.163" level="INFO" html="true">&lt;/td&gt;&lt;/tr&gt;&lt;tr&gt;&lt;td colspan="3"&gt;&lt;a href="selenium-screenshot-4.png"&gt;&lt;img src="selenium-screenshot-4.png" width="800px"&gt;&lt;/a&gt;</msg>
<status status="PASS" starttime="20211007 18:10:48.948" endtime="20211007 18:10:49.163"/>
</kw>
<kw name="Close Browser" library="SeleniumLibrary">
<doc>Closes the current browser.</doc>
<status status="PASS" starttime="20211007 18:10:49.163" endtime="20211007 18:10:50.057"/>
</kw>
<status status="PASS" starttime="20211007 18:10:46.946" endtime="20211007 18:10:50.057"/>
</kw>
<status status="PASS" starttime="20211007 18:10:36.370" endtime="20211007 18:10:50.057"/>
</test>
<status status="PASS" starttime="20211007 18:10:18.337" endtime="20211007 18:10:50.059"/>
</suite>
<statistics>
<total>
<stat pass="2" fail="0" skip="0">All Tests</stat>
</total>
<tag>
</tag>
<suite>
<stat pass="2" fail="0" skip="0" id="s1" name="Select">Select</stat>
</suite>
</statistics>
<errors>
</errors>
</robot>
