<?xml version="1.0" encoding="UTF-8"?>
<robot generator="Robot 4.1.1 (Python 3.9.7 on darwin)" generated="20210930 22:51:14.727" rpa="false" schemaversion="2">
<suite id="s1" name="Title" source="/Users/julianaantunesmachado/GitHub/qaninja-robot/web/title.robot">
<test id="s1-t1" name="Check option with Xpath">
<kw name="Open Browser" library="SeleniumLibrary">
<arg>${url}</arg>
<arg>firefox</arg>
<doc>Opens a new browser instance to the optional ``url``.</doc>
<msg timestamp="20210930 22:51:15.089" level="INFO">Opening browser 'firefox' to base url 'https://training-wheels-protocol.herokuapp.com'.</msg>
<msg timestamp="20210930 22:51:15.091" level="INFO">Firefox driver log is always forced to to: /Users/julianaantunesmachado/GitHub/qaninja-robot/web/log/geckodriver-2.log</msg>
<status status="PASS" starttime="20210930 22:51:15.088" endtime="20210930 22:51:30.114"/>
</kw>
<kw name="Go To" library="SeleniumLibrary">
<arg>${url}/checkboxes</arg>
<doc>Navigates the current browser window to the provided ``url``.</doc>
<msg timestamp="20210930 22:51:30.117" level="INFO">Opening url 'https://training-wheels-protocol.herokuapp.com/checkboxes'</msg>
<status status="PASS" starttime="20210930 22:51:30.115" endtime="20210930 22:51:30.518"/>
</kw>
<kw name="Select Checkbox" library="SeleniumLibrary">
<arg>${with_xpath}</arg>
<doc>Selects the checkbox identified by ``locator``.</doc>
<msg timestamp="20210930 22:51:30.519" level="INFO">Selecting checkbox 'xpath://*[@id='checkboxes']/input[7]'.</msg>
<status status="PASS" starttime="20210930 22:51:30.518" endtime="20210930 22:51:30.824"/>
</kw>
<kw name="Checkbox Should Be Selected" library="SeleniumLibrary">
<arg>${with_xpath}</arg>
<doc>Verifies checkbox ``locator`` is selected/checked.</doc>
<msg timestamp="20210930 22:51:30.825" level="INFO">Verifying checkbox 'xpath://*[@id='checkboxes']/input[7]' is selected.</msg>
<status status="PASS" starttime="20210930 22:51:30.824" endtime="20210930 22:51:30.853"/>
</kw>
<kw name="Sleep" library="BuiltIn">
<arg>5</arg>
<doc>Pauses the test executed for the given time.</doc>
<msg timestamp="20210930 22:51:35.855" level="INFO">Slept 5 seconds</msg>
<status status="PASS" starttime="20210930 22:51:30.853" endtime="20210930 22:51:35.856"/>
</kw>
<kw name="Close Browser" library="SeleniumLibrary">
<doc>Closes the current browser.</doc>
<status status="PASS" starttime="20210930 22:51:35.856" endtime="20210930 22:51:36.741"/>
</kw>
<tag>checkbox</tag>
<status status="PASS" starttime="20210930 22:51:15.087" endtime="20210930 22:51:36.741"/>
</test>
<status status="PASS" starttime="20210930 22:51:14.730" endtime="20210930 22:51:36.743"/>
</suite>
<statistics>
<total>
<stat pass="1" fail="0" skip="0">All Tests</stat>
</total>
<tag>
<stat pass="1" fail="0" skip="0">checkbox</stat>
</tag>
<suite>
<stat pass="1" fail="0" skip="0" id="s1" name="Title">Title</stat>
</suite>
</statistics>
<errors>
</errors>
</robot>
