<?xml version="1.0" encoding="UTF-8"?>
<robot generator="Robot 4.1.1 (Python 3.9.7 on darwin)" generated="20211016 22:48:45.472" rpa="false" schemaversion="2">
<suite id="s1" name="Login Form" source="/Users/julianaantunesmachado/GitHub/qaninja-robot/web/tests/login_form.robot">
<test id="s1-t1" name="Login Successfully">
<kw name="Open Session" library="base" type="SETUP">
<kw name="Open Browser" library="SeleniumLibrary">
<arg>${url}</arg>
<arg>firefox</arg>
<doc>Opens a new browser instance to the optional ``url``.</doc>
<msg timestamp="20211016 22:48:45.822" level="INFO">Opening browser 'firefox' to base url 'https://training-wheels-protocol.herokuapp.com'.</msg>
<msg timestamp="20211016 22:48:45.824" level="INFO">Firefox driver log is always forced to to: /Users/julianaantunesmachado/GitHub/qaninja-robot/web/log/login/geckodriver-1.log</msg>
<status status="PASS" starttime="20211016 22:48:45.821" endtime="20211016 22:48:53.905"/>
</kw>
<kw name="Sleep" library="BuiltIn">
<arg>2</arg>
<doc>Pauses the test executed for the given time.</doc>
<msg timestamp="20211016 22:48:55.907" level="INFO">Slept 2 seconds</msg>
<status status="PASS" starttime="20211016 22:48:53.906" endtime="20211016 22:48:55.907"/>
</kw>
<status status="PASS" starttime="20211016 22:48:45.820" endtime="20211016 22:48:55.908"/>
</kw>
<kw name="Go To" library="SeleniumLibrary">
<arg>${url}/login</arg>
<doc>Navigates the current browser window to the provided ``url``.</doc>
<msg timestamp="20211016 22:48:55.910" level="INFO">Opening url 'https://training-wheels-protocol.herokuapp.com/login'</msg>
<status status="PASS" starttime="20211016 22:48:55.909" endtime="20211016 22:48:56.880"/>
</kw>
<kw name="Input Text" library="SeleniumLibrary">
<arg>css:input[name=username]</arg>
<arg>stark</arg>
<doc>Types the given ``text`` into the text field identified by ``locator``.</doc>
<msg timestamp="20211016 22:48:56.882" level="INFO">Typing text 'stark' into text field 'css:input[name=username]'.</msg>
<status status="PASS" starttime="20211016 22:48:56.881" endtime="20211016 22:48:57.061"/>
</kw>
<kw name="Input Text" library="SeleniumLibrary">
<arg>css:input[name=password]</arg>
<arg>jarvis!</arg>
<doc>Types the given ``text`` into the text field identified by ``locator``.</doc>
<msg timestamp="20211016 22:48:57.062" level="INFO">Typing text 'jarvis!' into text field 'css:input[name=password]'.</msg>
<status status="PASS" starttime="20211016 22:48:57.061" endtime="20211016 22:48:57.209"/>
</kw>
<kw name="Click Element" library="SeleniumLibrary">
<arg>class:btn-login</arg>
<doc>Click the element identified by ``locator``.</doc>
<msg timestamp="20211016 22:48:57.211" level="INFO">Clicking element 'class:btn-login'.</msg>
<status status="PASS" starttime="20211016 22:48:57.210" endtime="20211016 22:48:58.099"/>
</kw>
<kw name="Page Should Contain" library="SeleniumLibrary">
<arg>Área Logada</arg>
<doc>Verifies that current page contains ``text``.</doc>
<msg timestamp="20211016 22:48:58.121" level="INFO">Current page contains text 'Área Logada'.</msg>
<status status="PASS" starttime="20211016 22:48:58.100" endtime="20211016 22:48:58.121"/>
</kw>
<kw name="Close Session" library="base" type="TEARDOWN">
<kw name="Sleep" library="BuiltIn">
<arg>2</arg>
<doc>Pauses the test executed for the given time.</doc>
<msg timestamp="20211016 22:49:00.124" level="INFO">Slept 2 seconds</msg>
<status status="PASS" starttime="20211016 22:48:58.123" endtime="20211016 22:49:00.125"/>
</kw>
<kw name="Capture Page Screenshot" library="SeleniumLibrary">
<doc>Takes a screenshot of the current page and embeds it into a log file.</doc>
<msg timestamp="20211016 22:49:00.306" level="INFO" html="true">&lt;/td&gt;&lt;/tr&gt;&lt;tr&gt;&lt;td colspan="3"&gt;&lt;a href="selenium-screenshot-1.png"&gt;&lt;img src="selenium-screenshot-1.png" width="800px"&gt;&lt;/a&gt;</msg>
<status status="PASS" starttime="20211016 22:49:00.125" endtime="20211016 22:49:00.306"/>
</kw>
<kw name="Close Browser" library="SeleniumLibrary">
<doc>Closes the current browser.</doc>
<status status="PASS" starttime="20211016 22:49:00.306" endtime="20211016 22:49:01.105"/>
</kw>
<status status="PASS" starttime="20211016 22:48:58.122" endtime="20211016 22:49:01.105"/>
</kw>
<status status="PASS" starttime="20211016 22:48:45.819" endtime="20211016 22:49:01.106"/>
</test>
<status status="PASS" starttime="20211016 22:48:45.474" endtime="20211016 22:49:01.107"/>
</suite>
<statistics>
<total>
<stat pass="1" fail="0" skip="0">All Tests</stat>
</total>
<tag>
</tag>
<suite>
<stat pass="1" fail="0" skip="0" id="s1" name="Login Form">Login Form</stat>
</suite>
</statistics>
<errors>
</errors>
</robot>
