<?xml version="1.0" encoding="UTF-8"?>
<robot generator="Robot 4.1.1 (Python 3.9.7 on darwin)" generated="20210926 23:43:23.877" rpa="false" schemaversion="2">
<suite id="s1" name="Test" source="/Users/julianaantunesmachado/GitHub/qaninja-robot/test.robot">
<test id="s1-t1" name="Show welcome message">
<kw name="Welcome" library="app">
<var>${result}</var>
<arg>Juliana</arg>
<msg timestamp="20210926 23:43:23.928" level="INFO">${result} = Olá Juliana, bem vindo ao curso básico de Robot Framework!</msg>
<status status="PASS" starttime="20210926 23:43:23.927" endtime="20210926 23:43:23.928"/>
</kw>
<kw name="Log To Console" library="BuiltIn">
<arg>${result}</arg>
<doc>Logs the given message to the console.</doc>
<status status="PASS" starttime="20210926 23:43:23.928" endtime="20210926 23:43:23.929"/>
</kw>
<kw name="Should Be Equal" library="BuiltIn">
<arg>${result}</arg>
<arg>Olá Juliana, bem vindo ao curso básico de Robot Framework!</arg>
<doc>Fails if the given objects are unequal.</doc>
<status status="PASS" starttime="20210926 23:43:23.929" endtime="20210926 23:43:23.930"/>
</kw>
<status status="PASS" starttime="20210926 23:43:23.926" endtime="20210926 23:43:23.931"/>
</test>
<status status="PASS" starttime="20210926 23:43:23.879" endtime="20210926 23:43:23.932"/>
</suite>
<statistics>
<total>
<stat pass="1" fail="0" skip="0">All Tests</stat>
</total>
<tag>
</tag>
<suite>
<stat pass="1" fail="0" skip="0" id="s1" name="Test">Test</stat>
</suite>
</statistics>
<errors>
</errors>
</robot>
