<?xml version="1.0" encoding="UTF-8"?>
<robot generator="Robot 4.1.1 (Python 3.9.7 on darwin)" generated="20211016 22:45:15.938" rpa="false" schemaversion="2">
<suite id="s1" name="Tables" source="/Users/julianaantunesmachado/GitHub/qaninja-robot/web/tests/tables.robot">
<test id="s1-t1" name="Check value with the line number">
<kw name="Open Session" library="base" type="SETUP">
<kw name="Open Browser" library="SeleniumLibrary">
<arg>${url}</arg>
<arg>firefox</arg>
<doc>Opens a new browser instance to the optional ``url``.</doc>
<msg timestamp="20211016 22:45:16.294" level="INFO">Opening browser 'firefox' to base url 'https://training-wheels-protocol.herokuapp.com'.</msg>
<msg timestamp="20211016 22:45:16.297" level="INFO">Firefox driver log is always forced to to: /Users/julianaantunesmachado/GitHub/qaninja-robot/web/log/tables/geckodriver-1.log</msg>
<status status="PASS" starttime="20211016 22:45:16.293" endtime="20211016 22:45:28.285"/>
</kw>
<kw name="Sleep" library="BuiltIn">
<arg>2</arg>
<doc>Pauses the test executed for the given time.</doc>
<msg timestamp="20211016 22:45:30.287" level="INFO">Slept 2 seconds</msg>
<status status="PASS" starttime="20211016 22:45:28.285" endtime="20211016 22:45:30.287"/>
</kw>
<status status="PASS" starttime="20211016 22:45:16.292" endtime="20211016 22:45:30.288"/>
</kw>
<kw name="Go To" library="SeleniumLibrary">
<arg>${url}/tables</arg>
<doc>Navigates the current browser window to the provided ``url``.</doc>
<msg timestamp="20211016 22:45:30.290" level="INFO">Opening url 'https://training-wheels-protocol.herokuapp.com/tables'</msg>
<status status="PASS" starttime="20211016 22:45:30.289" endtime="20211016 22:45:31.459"/>
</kw>
<kw name="Table Row Should Contain" library="SeleniumLibrary">
<arg>id:actors</arg>
<arg>2</arg>
<arg>@vindiesel</arg>
<doc>Verifies that table row contains text ``expected``.</doc>
<status status="PASS" starttime="20211016 22:45:31.459" endtime="20211016 22:45:31.597"/>
</kw>
<kw name="Close Session" library="base" type="TEARDOWN">
<kw name="Sleep" library="BuiltIn">
<arg>2</arg>
<doc>Pauses the test executed for the given time.</doc>
<msg timestamp="20211016 22:45:33.602" level="INFO">Slept 2 seconds</msg>
<status status="PASS" starttime="20211016 22:45:31.601" endtime="20211016 22:45:33.602"/>
</kw>
<kw name="Capture Page Screenshot" library="SeleniumLibrary">
<doc>Takes a screenshot of the current page and embeds it into a log file.</doc>
<msg timestamp="20211016 22:45:33.792" level="INFO" html="true">&lt;/td&gt;&lt;/tr&gt;&lt;tr&gt;&lt;td colspan="3"&gt;&lt;a href="selenium-screenshot-1.png"&gt;&lt;img src="selenium-screenshot-1.png" width="800px"&gt;&lt;/a&gt;</msg>
<status status="PASS" starttime="20211016 22:45:33.603" endtime="20211016 22:45:33.792"/>
</kw>
<kw name="Close Browser" library="SeleniumLibrary">
<doc>Closes the current browser.</doc>
<status status="PASS" starttime="20211016 22:45:33.793" endtime="20211016 22:45:34.595"/>
</kw>
<status status="PASS" starttime="20211016 22:45:31.599" endtime="20211016 22:45:34.596"/>
</kw>
<status status="PASS" starttime="20211016 22:45:16.291" endtime="20211016 22:45:34.596"/>
</test>
<test id="s1-t2" name="Check value discovering the line number">
<kw name="Open Session" library="base" type="SETUP">
<kw name="Open Browser" library="SeleniumLibrary">
<arg>${url}</arg>
<arg>firefox</arg>
<doc>Opens a new browser instance to the optional ``url``.</doc>
<msg timestamp="20211016 22:45:34.600" level="INFO">Opening browser 'firefox' to base url 'https://training-wheels-protocol.herokuapp.com'.</msg>
<msg timestamp="20211016 22:45:34.600" level="INFO">Firefox driver log is always forced to to: /Users/julianaantunesmachado/GitHub/qaninja-robot/web/log/tables/geckodriver-2.log</msg>
<status status="PASS" starttime="20211016 22:45:34.599" endtime="20211016 22:45:48.128"/>
</kw>
<kw name="Sleep" library="BuiltIn">
<arg>2</arg>
<doc>Pauses the test executed for the given time.</doc>
<msg timestamp="20211016 22:45:50.131" level="INFO">Slept 2 seconds</msg>
<status status="PASS" starttime="20211016 22:45:48.128" endtime="20211016 22:45:50.131"/>
</kw>
<status status="PASS" starttime="20211016 22:45:34.598" endtime="20211016 22:45:50.132"/>
</kw>
<kw name="Go To" library="SeleniumLibrary">
<arg>${url}/tables</arg>
<doc>Navigates the current browser window to the provided ``url``.</doc>
<msg timestamp="20211016 22:45:50.133" level="INFO">Opening url 'https://training-wheels-protocol.herokuapp.com/tables'</msg>
<status status="PASS" starttime="20211016 22:45:50.132" endtime="20211016 22:45:50.709"/>
</kw>
<kw name="Get WebElement" library="SeleniumLibrary">
<var>${target}</var>
<arg>xpath:.//tr[contains(., '@chadwickboseman')]</arg>
<doc>Returns the first WebElement matching the given ``locator``.</doc>
<msg timestamp="20211016 22:45:50.734" level="INFO">${target} = &lt;selenium.webdriver.firefox.webelement.FirefoxWebElement (session="87ce45e2-5313-444a-8422-00fb66e9fb8f", element="9946a260-64c6-554c-8007-30ed961e0d13")&gt;</msg>
<status status="PASS" starttime="20211016 22:45:50.710" endtime="20211016 22:45:50.734"/>
</kw>
<kw name="Log" library="BuiltIn">
<arg>${target.text}</arg>
<doc>Logs the given message with the given level.</doc>
<msg timestamp="20211016 22:45:50.780" level="INFO">Chadwick Boseman Pantera Negra Vingadores $ 700.000 @chadwickboseman edit delete</msg>
<status status="PASS" starttime="20211016 22:45:50.734" endtime="20211016 22:45:50.780"/>
</kw>
<kw name="Log To Console" library="BuiltIn">
<arg>${target.text}</arg>
<doc>Logs the given message to the console.</doc>
<status status="PASS" starttime="20211016 22:45:50.780" endtime="20211016 22:45:50.811"/>
</kw>
<kw name="Should Contain" library="BuiltIn">
<arg>${target.text}</arg>
<arg>$ 700.000</arg>
<doc>Fails if ``container`` does not contain ``item`` one or more times.</doc>
<status status="PASS" starttime="20211016 22:45:50.812" endtime="20211016 22:45:50.837"/>
</kw>
<kw name="Should Contain" library="BuiltIn">
<arg>${target.text}</arg>
<arg>Pantera Negra</arg>
<doc>Fails if ``container`` does not contain ``item`` one or more times.</doc>
<status status="PASS" starttime="20211016 22:45:50.844" endtime="20211016 22:45:50.879"/>
</kw>
<kw name="Close Session" library="base" type="TEARDOWN">
<kw name="Sleep" library="BuiltIn">
<arg>2</arg>
<doc>Pauses the test executed for the given time.</doc>
<msg timestamp="20211016 22:45:52.882" level="INFO">Slept 2 seconds</msg>
<status status="PASS" starttime="20211016 22:45:50.881" endtime="20211016 22:45:52.882"/>
</kw>
<kw name="Capture Page Screenshot" library="SeleniumLibrary">
<doc>Takes a screenshot of the current page and embeds it into a log file.</doc>
<msg timestamp="20211016 22:45:53.064" level="INFO" html="true">&lt;/td&gt;&lt;/tr&gt;&lt;tr&gt;&lt;td colspan="3"&gt;&lt;a href="selenium-screenshot-2.png"&gt;&lt;img src="selenium-screenshot-2.png" width="800px"&gt;&lt;/a&gt;</msg>
<status status="PASS" starttime="20211016 22:45:52.883" endtime="20211016 22:45:53.064"/>
</kw>
<kw name="Close Browser" library="SeleniumLibrary">
<doc>Closes the current browser.</doc>
<status status="PASS" starttime="20211016 22:45:53.064" endtime="20211016 22:45:54.063"/>
</kw>
<status status="PASS" starttime="20211016 22:45:50.880" endtime="20211016 22:45:54.064"/>
</kw>
<status status="PASS" starttime="20211016 22:45:34.597" endtime="20211016 22:45:54.064"/>
</test>
<status status="PASS" starttime="20211016 22:45:15.940" endtime="20211016 22:45:54.066"/>
</suite>
<statistics>
<total>
<stat pass="2" fail="0" skip="0">All Tests</stat>
</total>
<tag>
</tag>
<suite>
<stat pass="2" fail="0" skip="0" id="s1" name="Tables">Tables</stat>
</suite>
</statistics>
<errors>
</errors>
</robot>
