<?xml version="1.0" encoding="UTF-8"?>
<robot generator="Robot 4.1.1 (Python 3.9.7 on darwin)" generated="20210927 23:44:19.128" rpa="false" schemaversion="2">
<suite id="s1" name="Title" source="/Users/julianaantunesmachado/GitHub/qaninja-robot/web/title.robot">
<test id="s1-t1" name="Should valid page title">
<kw name="Open Browser" library="SeleniumLibrary">
<arg>https://training-wheels-protocol.herokuapp.com</arg>
<arg>firefox</arg>
<doc>Opens a new browser instance to the optional ``url``.</doc>
<msg timestamp="20210927 23:44:19.464" level="INFO">Opening browser 'firefox' to base url 'https://training-wheels-protocol.herokuapp.com'.</msg>
<msg timestamp="20210927 23:44:19.466" level="INFO">Firefox driver log is always forced to to: /Users/julianaantunesmachado/GitHub/qaninja-robot/web/geckodriver-2.log</msg>
<status status="PASS" starttime="20210927 23:44:19.463" endtime="20210927 23:44:32.017"/>
</kw>
<kw name="Title Should Be" library="SeleniumLibrary">
<arg>Training Wheels Protocol</arg>
<doc>Verifies that the current page title equals ``title``.</doc>
<msg timestamp="20210927 23:44:32.041" level="INFO">Page title is 'Training Wheels Protocol'.</msg>
<status status="PASS" starttime="20210927 23:44:32.022" endtime="20210927 23:44:32.042"/>
</kw>
<kw name="Close Browser" library="SeleniumLibrary">
<doc>Closes the current browser.</doc>
<status status="PASS" starttime="20210927 23:44:32.042" endtime="20210927 23:44:33.109"/>
</kw>
<status status="PASS" starttime="20210927 23:44:19.462" endtime="20210927 23:44:33.111"/>
</test>
<status status="PASS" starttime="20210927 23:44:19.130" endtime="20210927 23:44:33.116"/>
</suite>
<statistics>
<total>
<stat pass="1" fail="0" skip="0">All Tests</stat>
</total>
<tag>
</tag>
<suite>
<stat pass="1" fail="0" skip="0" id="s1" name="Title">Title</stat>
</suite>
</statistics>
<errors>
</errors>
</robot>
